<?xml version="1.0" encoding="UTF-8"?>
<testsuite xmlns:xsi="http://www.w3.org/2001/XMLSchema-instance" xsi:noNamespaceSchemaLocation="https://maven.apache.org/surefire/maven-surefire-plugin/xsd/surefire-test-report.xsd" name="com.target.LocationReadV1Test" time="17.863" tests="2" errors="0" skipped="0" failures="0">
  <properties>
[...]
</properties>
  <testcase name="testUpdateProductDetails" classname="com.target.LocationReadV1Test" time="8.621"/>
  <testcase name="testProductDetails" classname="com.target.LocationReadV1Test" time="1.209"/>
</testsuite>